<?xml version="1.0" encoding="UTF-8"?>
<!-- Generated by org.testng.reporters.JUnitReportReporter -->
<testsuite hostname="dhall" name="in.bluepi.pirecruit.user.employee.HiringManagerTest" tests="1" failures="0" timestamp="6 Dec 2012 07:52:06 GMT" time="0.019" errors="0">
  <testcase name="HiringManager" time="0.019" classname="in.bluepi.pirecruit.user.employee.HiringManagerTest"/>
</testsuite> <!-- in.bluepi.pirecruit.user.employee.HiringManagerTest -->
